<?xml version="1.0" encoding="UTF-8"?>
<!-- Generated by org.testng.reporters.JUnitReportReporter -->
<testsuite skipped="0" hostname="del1-lhp-n67817" name="SDAY5.NewTest3" tests="2" failures="0" timestamp="2019-11-24T13:12:11 IST" time="19.513" errors="0">
  <testcase name="test2" time="9.450" classname="SDAY5.NewTest3"/>
  <testcase name="test1" time="10.063" classname="SDAY5.NewTest3"/>
</testsuite> <!-- SDAY5.NewTest3 -->
