<?xml version="1.0" encoding="UTF-8"?>
<!-- Generated by org.testng.reporters.JUnitReportReporter -->
<testsuite skipped="0" hostname="del1-lhp-n67817" name="SDAY5.NewTest" tests="2" failures="0" timestamp="2019-11-07T14:37:12 IST" time="0.016" errors="0">
  <testcase name="t1" time="0.014" classname="SDAY5.NewTest"/>
  <testcase name="t2" time="0.002" classname="SDAY5.NewTest"/>
</testsuite> <!-- SDAY5.NewTest -->
