<?xml version="1.0" encoding="UTF-8"?>
<!-- Generated by org.testng.reporters.JUnitReportReporter -->
<testsuite skipped="0" hostname="del1-lhp-n67817" name="SDAY6.NewTest1" tests="3" failures="0" timestamp="2019-11-08T15:05:57 IST" time="0.011" errors="0">
  <testcase name="testz" time="0.009" classname="SDAY6.NewTest1"/>
  <testcase name="testdfdsz" time="0.001" classname="SDAY6.NewTest1"/>
  <testcase name="testsfsdfz" time="0.001" classname="SDAY6.NewTest1"/>
</testsuite> <!-- SDAY6.NewTest1 -->
