<?xml version="1.0" encoding="UTF-8"?>
<!-- Generated by org.testng.reporters.JUnitReportReporter -->
<testsuite skipped="0" hostname="del1-lhp-n67817" name="SDAY5.NewTest1" tests="2" failures="0" timestamp="2019-11-07T16:15:56 IST" time="0.000" errors="0">
  <testcase name="a" time="0.000" classname="SDAY5.NewTest1"/>
  <testcase name="b" time="0.000" classname="SDAY5.NewTest1"/>
</testsuite> <!-- SDAY5.NewTest1 -->
