<?xml version="1.0" encoding="UTF-8"?>
<!-- Generated by org.testng.reporters.JUnitReportReporter -->
<testsuite skipped="0" hostname="del1-lhp-n67817" name="SDAY6.NewTest4" tests="2" failures="0" timestamp="2019-11-08T11:53:44 IST" time="0.016" errors="0">
  <testcase name="login" time="0.000" classname="SDAY6.NewTest4"/>
  <testcase name="login" time="0.016" classname="SDAY6.NewTest4"/>
</testsuite> <!-- SDAY6.NewTest4 -->
