<?xml version="1.0" encoding="UTF-8"?>
<!-- Generated by org.testng.reporters.JUnitReportReporter -->
<testsuite skipped="0" hostname="del1-lhp-n67817" name="SDAY6.NewTest5" tests="2" failures="0" timestamp="2019-11-24T16:13:57 IST" time="23.068" errors="0">
  <testcase name="login_testing" time="10.343" classname="SDAY6.NewTest5"/>
  <testcase name="login_testing" time="12.725" classname="SDAY6.NewTest5"/>
</testsuite> <!-- SDAY6.NewTest5 -->
