<?xml version="1.0" encoding="UTF-8"?>
<!-- Generated by org.testng.reporters.JUnitReportReporter -->
<testsuite skipped="0" hostname="del1-lhp-n67817" name="SDAY5.NewTest4" tests="3" failures="0" timestamp="2019-11-07T17:44:50 IST" time="0.016" errors="0">
  <testcase name="b" time="0.000" classname="SDAY5.NewTest4"/>
  <testcase name="a" time="0.008" classname="SDAY5.NewTest4"/>
  <testcase name="c" time="0.008" classname="SDAY5.NewTest4"/>
</testsuite> <!-- SDAY5.NewTest4 -->
