<?xml version="1.0" encoding="UTF-8"?>
<!-- Generated by org.testng.reporters.JUnitReportReporter -->
<testsuite name="jenkins.jen1" tests="1" time="0.012" ignored="0" failures="0" timestamp="23 Nov 2019 10:41:01 GMT" skipped="0" hostname="del1-lhp-n67817" errors="0">
  <testcase name="b" time="0.012" classname="jenkins.jen1"/>
</testsuite> <!-- jenkins.jen1 -->
