<?xml version="1.0" encoding="UTF-8"?>
<!-- Generated by org.testng.reporters.JUnitReportReporter -->
<testsuite skipped="0" hostname="del1-lhp-n67817" name="GRID_HUB.parelle" tests="2" failures="0" timestamp="2019-11-15T11:00:53 IST" time="6.036" errors="0">
  <testcase name="t1" time="3.018" classname="GRID_HUB.parelle"/>
  <testcase name="t2" time="3.018" classname="GRID_HUB.parelle"/>
</testsuite> <!-- GRID_HUB.parelle -->
